SF:lib/domain/models/params.dart
DA:4,0
DA:5,0
DA:9,0
DA:10,0
LF:4
LH:0
end_of_record
SF:lib/extensions/cubit_error_handling_extension.dart
DA:8,0
DA:13,0
DA:14,0
DA:17,0
DA:20,0
DA:23,0
LF:6
LH:0
end_of_record
SF:lib/extensions/either_extentions.dart
DA:9,0
DA:18,0
DA:19,0
DA:20,0
DA:21,0
DA:24,0
DA:27,0
DA:30,0
DA:31,0
DA:32,0
DA:34,0
DA:35,0
DA:36,0
DA:41,0
DA:44,0
DA:49,0
DA:50,0
LF:17
LH:0
end_of_record
SF:lib/extensions/future_data_loading_extensions.dart
DA:8,0
DA:16,0
DA:17,0
DA:20,0
DA:23,0
DA:26,0
DA:27,0
LF:7
LH:0
end_of_record
SF:lib/extensions/future_stream_data_loading_extensions.dart
DA:8,0
DA:16,0
DA:17,0
DA:20,0
DA:22,0
DA:23,0
DA:27,0
DA:28,0
DA:29,0
DA:33,0
DA:34,0
LF:11
LH:0
end_of_record
SF:lib/extensions/stream_data_handling_extensions.dart
DA:6,0
DA:10,0
DA:12,0
DA:13,0
DA:14,0
DA:15,0
DA:16,0
DA:17,0
DA:18,0
LF:9
LH:0
end_of_record
SF:lib/extensions/stream_data_loading_extensions.dart
DA:7,0
DA:15,0
DA:16,0
DA:19,0
DA:22,0
DA:25,0
DA:26,0
LF:7
LH:0
end_of_record
